ERROR - 2022-07-25 09:07:26 --> Error connecting to the database: Connection refused
CRITICAL - 2022-07-25 09:07:26 --> Unable to connect to the database.
Main connection [MySQLi]: Connection refused
#0 /opt/lampp/htdocs/my-kerjo/vendor/codeigniter4/framework/system/Database/BaseConnection.php(577): CodeIgniter\Database\BaseConnection->initialize()
#1 /opt/lampp/htdocs/my-kerjo/vendor/codeigniter4/framework/system/Database/BaseBuilder.php(1455): CodeIgniter\Database\BaseConnection->query('SELECT *\nFROM `...', Array, false)
#2 /opt/lampp/htdocs/my-kerjo/vendor/codeigniter4/framework/system/Model.php(210): CodeIgniter\Database\BaseBuilder->get()
#3 /opt/lampp/htdocs/my-kerjo/vendor/codeigniter4/framework/system/BaseModel.php(622): CodeIgniter\Model->doFirst()
#4 /opt/lampp/htdocs/my-kerjo/app/Controllers/Autentikasi.php(59): CodeIgniter\BaseModel->first()
#5 /opt/lampp/htdocs/my-kerjo/vendor/codeigniter4/framework/system/CodeIgniter.php(825): App\Controllers\Autentikasi->login_action()
#6 /opt/lampp/htdocs/my-kerjo/vendor/codeigniter4/framework/system/CodeIgniter.php(412): CodeIgniter\CodeIgniter->runController(Object(App\Controllers\Autentikasi))
#7 /opt/lampp/htdocs/my-kerjo/vendor/codeigniter4/framework/system/CodeIgniter.php(320): CodeIgniter\CodeIgniter->handleRequest(NULL, Object(Config\Cache), false)
#8 /opt/lampp/htdocs/my-kerjo/public/index.php(37): CodeIgniter\CodeIgniter->run()
#9 /opt/lampp/htdocs/my-kerjo/vendor/codeigniter4/framework/system/Commands/Server/rewrite.php(43): require_once('/opt/lampp/htdo...')
#10 {main}
ERROR - 2022-07-25 09:07:35 --> Unknown column 'status' in 'where clause'
CRITICAL - 2022-07-25 09:07:35 --> Unknown column 'status' in 'where clause'
#0 /opt/lampp/htdocs/my-kerjo/vendor/codeigniter4/framework/system/Database/MySQLi/Connection.php(292): mysqli->query('SELECT COUNT(id...', 0)
#1 /opt/lampp/htdocs/my-kerjo/vendor/codeigniter4/framework/system/Database/BaseConnection.php(670): CodeIgniter\Database\MySQLi\Connection->execute('SELECT COUNT(id...')
#2 /opt/lampp/htdocs/my-kerjo/vendor/codeigniter4/framework/system/Database/BaseConnection.php(598): CodeIgniter\Database\BaseConnection->simpleQuery('SELECT COUNT(id...')
#3 /opt/lampp/htdocs/my-kerjo/app/Models/BagianModel.php(65): CodeIgniter\Database\BaseConnection->query('SELECT COUNT(id...')
#4 /opt/lampp/htdocs/my-kerjo/app/Controllers/Pegawai/Dashboard.php(43): App\Models\BagianModel->countTotalByIdPegawai('1')
#5 /opt/lampp/htdocs/my-kerjo/vendor/codeigniter4/framework/system/CodeIgniter.php(825): App\Controllers\Pegawai\Dashboard->index()
#6 /opt/lampp/htdocs/my-kerjo/vendor/codeigniter4/framework/system/CodeIgniter.php(412): CodeIgniter\CodeIgniter->runController(Object(App\Controllers\Pegawai\Dashboard))
#7 /opt/lampp/htdocs/my-kerjo/vendor/codeigniter4/framework/system/CodeIgniter.php(320): CodeIgniter\CodeIgniter->handleRequest(NULL, Object(Config\Cache), false)
#8 /opt/lampp/htdocs/my-kerjo/public/index.php(37): CodeIgniter\CodeIgniter->run()
#9 /opt/lampp/htdocs/my-kerjo/vendor/codeigniter4/framework/system/Commands/Server/rewrite.php(43): require_once('/opt/lampp/htdo...')
#10 {main}
ERROR - 2022-07-25 09:07:40 --> Unknown column 'status' in 'where clause'
CRITICAL - 2022-07-25 09:07:40 --> Unknown column 'status' in 'where clause'
#0 /opt/lampp/htdocs/my-kerjo/vendor/codeigniter4/framework/system/Database/MySQLi/Connection.php(292): mysqli->query('SELECT COUNT(id...', 0)
#1 /opt/lampp/htdocs/my-kerjo/vendor/codeigniter4/framework/system/Database/BaseConnection.php(670): CodeIgniter\Database\MySQLi\Connection->execute('SELECT COUNT(id...')
#2 /opt/lampp/htdocs/my-kerjo/vendor/codeigniter4/framework/system/Database/BaseConnection.php(598): CodeIgniter\Database\BaseConnection->simpleQuery('SELECT COUNT(id...')
#3 /opt/lampp/htdocs/my-kerjo/app/Models/BagianModel.php(65): CodeIgniter\Database\BaseConnection->query('SELECT COUNT(id...')
#4 /opt/lampp/htdocs/my-kerjo/app/Controllers/Pegawai/Dashboard.php(43): App\Models\BagianModel->countTotalByIdPegawai('1')
#5 /opt/lampp/htdocs/my-kerjo/vendor/codeigniter4/framework/system/CodeIgniter.php(825): App\Controllers\Pegawai\Dashboard->index()
#6 /opt/lampp/htdocs/my-kerjo/vendor/codeigniter4/framework/system/CodeIgniter.php(412): CodeIgniter\CodeIgniter->runController(Object(App\Controllers\Pegawai\Dashboard))
#7 /opt/lampp/htdocs/my-kerjo/vendor/codeigniter4/framework/system/CodeIgniter.php(320): CodeIgniter\CodeIgniter->handleRequest(NULL, Object(Config\Cache), false)
#8 /opt/lampp/htdocs/my-kerjo/public/index.php(37): CodeIgniter\CodeIgniter->run()
#9 /opt/lampp/htdocs/my-kerjo/vendor/codeigniter4/framework/system/Commands/Server/rewrite.php(43): require_once('/opt/lampp/htdo...')
#10 {main}
ERROR - 2022-07-25 09:07:40 --> Unknown column 'status' in 'where clause'
CRITICAL - 2022-07-25 09:07:40 --> Unknown column 'status' in 'where clause'
#0 /opt/lampp/htdocs/my-kerjo/vendor/codeigniter4/framework/system/Database/MySQLi/Connection.php(292): mysqli->query('SELECT COUNT(id...', 0)
#1 /opt/lampp/htdocs/my-kerjo/vendor/codeigniter4/framework/system/Database/BaseConnection.php(670): CodeIgniter\Database\MySQLi\Connection->execute('SELECT COUNT(id...')
#2 /opt/lampp/htdocs/my-kerjo/vendor/codeigniter4/framework/system/Database/BaseConnection.php(598): CodeIgniter\Database\BaseConnection->simpleQuery('SELECT COUNT(id...')
#3 /opt/lampp/htdocs/my-kerjo/app/Models/BagianModel.php(65): CodeIgniter\Database\BaseConnection->query('SELECT COUNT(id...')
#4 /opt/lampp/htdocs/my-kerjo/app/Controllers/Pegawai/Dashboard.php(43): App\Models\BagianModel->countTotalByIdPegawai('1')
#5 /opt/lampp/htdocs/my-kerjo/vendor/codeigniter4/framework/system/CodeIgniter.php(825): App\Controllers\Pegawai\Dashboard->index()
#6 /opt/lampp/htdocs/my-kerjo/vendor/codeigniter4/framework/system/CodeIgniter.php(412): CodeIgniter\CodeIgniter->runController(Object(App\Controllers\Pegawai\Dashboard))
#7 /opt/lampp/htdocs/my-kerjo/vendor/codeigniter4/framework/system/CodeIgniter.php(320): CodeIgniter\CodeIgniter->handleRequest(NULL, Object(Config\Cache), false)
#8 /opt/lampp/htdocs/my-kerjo/public/index.php(37): CodeIgniter\CodeIgniter->run()
#9 /opt/lampp/htdocs/my-kerjo/vendor/codeigniter4/framework/system/Commands/Server/rewrite.php(43): require_once('/opt/lampp/htdo...')
#10 {main}
ERROR - 2022-07-25 09:07:46 --> Unknown column 'status' in 'where clause'
CRITICAL - 2022-07-25 09:07:46 --> Unknown column 'status' in 'where clause'
#0 /opt/lampp/htdocs/my-kerjo/vendor/codeigniter4/framework/system/Database/MySQLi/Connection.php(292): mysqli->query('SELECT COUNT(id...', 0)
#1 /opt/lampp/htdocs/my-kerjo/vendor/codeigniter4/framework/system/Database/BaseConnection.php(670): CodeIgniter\Database\MySQLi\Connection->execute('SELECT COUNT(id...')
#2 /opt/lampp/htdocs/my-kerjo/vendor/codeigniter4/framework/system/Database/BaseConnection.php(598): CodeIgniter\Database\BaseConnection->simpleQuery('SELECT COUNT(id...')
#3 /opt/lampp/htdocs/my-kerjo/app/Models/BagianModel.php(65): CodeIgniter\Database\BaseConnection->query('SELECT COUNT(id...')
#4 /opt/lampp/htdocs/my-kerjo/app/Controllers/Pegawai/Dashboard.php(43): App\Models\BagianModel->countTotalByIdPegawai('1')
#5 /opt/lampp/htdocs/my-kerjo/vendor/codeigniter4/framework/system/CodeIgniter.php(825): App\Controllers\Pegawai\Dashboard->index()
#6 /opt/lampp/htdocs/my-kerjo/vendor/codeigniter4/framework/system/CodeIgniter.php(412): CodeIgniter\CodeIgniter->runController(Object(App\Controllers\Pegawai\Dashboard))
#7 /opt/lampp/htdocs/my-kerjo/vendor/codeigniter4/framework/system/CodeIgniter.php(320): CodeIgniter\CodeIgniter->handleRequest(NULL, Object(Config\Cache), false)
#8 /opt/lampp/htdocs/my-kerjo/public/index.php(37): CodeIgniter\CodeIgniter->run()
#9 /opt/lampp/htdocs/my-kerjo/vendor/codeigniter4/framework/system/Commands/Server/rewrite.php(43): require_once('/opt/lampp/htdo...')
#10 {main}
ERROR - 2022-07-25 09:07:48 --> Unknown column 'status' in 'where clause'
CRITICAL - 2022-07-25 09:07:48 --> Unknown column 'status' in 'where clause'
#0 /opt/lampp/htdocs/my-kerjo/vendor/codeigniter4/framework/system/Database/MySQLi/Connection.php(292): mysqli->query('SELECT COUNT(id...', 0)
#1 /opt/lampp/htdocs/my-kerjo/vendor/codeigniter4/framework/system/Database/BaseConnection.php(670): CodeIgniter\Database\MySQLi\Connection->execute('SELECT COUNT(id...')
#2 /opt/lampp/htdocs/my-kerjo/vendor/codeigniter4/framework/system/Database/BaseConnection.php(598): CodeIgniter\Database\BaseConnection->simpleQuery('SELECT COUNT(id...')
#3 /opt/lampp/htdocs/my-kerjo/app/Models/BagianModel.php(65): CodeIgniter\Database\BaseConnection->query('SELECT COUNT(id...')
#4 /opt/lampp/htdocs/my-kerjo/app/Controllers/Pegawai/Dashboard.php(43): App\Models\BagianModel->countTotalByIdPegawai('1')
#5 /opt/lampp/htdocs/my-kerjo/vendor/codeigniter4/framework/system/CodeIgniter.php(825): App\Controllers\Pegawai\Dashboard->index()
#6 /opt/lampp/htdocs/my-kerjo/vendor/codeigniter4/framework/system/CodeIgniter.php(412): CodeIgniter\CodeIgniter->runController(Object(App\Controllers\Pegawai\Dashboard))
#7 /opt/lampp/htdocs/my-kerjo/vendor/codeigniter4/framework/system/CodeIgniter.php(320): CodeIgniter\CodeIgniter->handleRequest(NULL, Object(Config\Cache), false)
#8 /opt/lampp/htdocs/my-kerjo/public/index.php(37): CodeIgniter\CodeIgniter->run()
#9 /opt/lampp/htdocs/my-kerjo/vendor/codeigniter4/framework/system/Commands/Server/rewrite.php(43): require_once('/opt/lampp/htdo...')
#10 {main}
ERROR - 2022-07-25 09:08:16 --> Table 'detail_penilaian' already exists
