CRITICAL - 2022-08-08 03:06:40 --> Trying to access array offset on value of type null
#0 C:\xampp\htdocs\my-kerjo\app\Views\pegawai\detail_list_tugas_view.php(9): CodeIgniter\Debug\Exceptions->errorHandler(8, 'Trying to acces...', 'C:\\xampp\\htdocs...', 9, Array)
#1 C:\xampp\htdocs\my-kerjo\vendor\codeigniter4\framework\system\View\View.php(210): include('C:\\xampp\\htdocs...')
#2 C:\xampp\htdocs\my-kerjo\vendor\codeigniter4\framework\system\View\View.php(213): CodeIgniter\View\View->CodeIgniter\View\{closure}()
#3 C:\xampp\htdocs\my-kerjo\vendor\codeigniter4\framework\system\Common.php(1089): CodeIgniter\View\View->render('pegawai/detail_...', Array, true)
#4 C:\xampp\htdocs\my-kerjo\app\Controllers\Pegawai\Dashboard.php(71): view('pegawai/detail_...', Array)
#5 C:\xampp\htdocs\my-kerjo\vendor\codeigniter4\framework\system\CodeIgniter.php(825): App\Controllers\Pegawai\Dashboard->detail_list_tugas('assets', 'img', 'jm_denis.jpg')
#6 C:\xampp\htdocs\my-kerjo\vendor\codeigniter4\framework\system\CodeIgniter.php(412): CodeIgniter\CodeIgniter->runController(Object(App\Controllers\Pegawai\Dashboard))
#7 C:\xampp\htdocs\my-kerjo\vendor\codeigniter4\framework\system\CodeIgniter.php(320): CodeIgniter\CodeIgniter->handleRequest(NULL, Object(Config\Cache), false)
#8 C:\xampp\htdocs\my-kerjo\public\index.php(37): CodeIgniter\CodeIgniter->run()
#9 C:\xampp\htdocs\my-kerjo\vendor\codeigniter4\framework\system\Commands\Server\rewrite.php(43): require_once('C:\\xampp\\htdocs...')
#10 {main}
CRITICAL - 2022-08-08 03:06:40 --> Trying to access array offset on value of type null
#0 C:\xampp\htdocs\my-kerjo\app\Views\pegawai\detail_list_tugas_view.php(9): CodeIgniter\Debug\Exceptions->errorHandler(8, 'Trying to acces...', 'C:\\xampp\\htdocs...', 9, Array)
#1 C:\xampp\htdocs\my-kerjo\vendor\codeigniter4\framework\system\View\View.php(210): include('C:\\xampp\\htdocs...')
#2 C:\xampp\htdocs\my-kerjo\vendor\codeigniter4\framework\system\View\View.php(213): CodeIgniter\View\View->CodeIgniter\View\{closure}()
#3 C:\xampp\htdocs\my-kerjo\vendor\codeigniter4\framework\system\Common.php(1089): CodeIgniter\View\View->render('pegawai/detail_...', Array, true)
#4 C:\xampp\htdocs\my-kerjo\app\Controllers\Pegawai\Dashboard.php(71): view('pegawai/detail_...', Array)
#5 C:\xampp\htdocs\my-kerjo\vendor\codeigniter4\framework\system\CodeIgniter.php(825): App\Controllers\Pegawai\Dashboard->detail_list_tugas('assets', 'img', 'chadengle.jpg')
#6 C:\xampp\htdocs\my-kerjo\vendor\codeigniter4\framework\system\CodeIgniter.php(412): CodeIgniter\CodeIgniter->runController(Object(App\Controllers\Pegawai\Dashboard))
#7 C:\xampp\htdocs\my-kerjo\vendor\codeigniter4\framework\system\CodeIgniter.php(320): CodeIgniter\CodeIgniter->handleRequest(NULL, Object(Config\Cache), false)
#8 C:\xampp\htdocs\my-kerjo\public\index.php(37): CodeIgniter\CodeIgniter->run()
#9 C:\xampp\htdocs\my-kerjo\vendor\codeigniter4\framework\system\Commands\Server\rewrite.php(43): require_once('C:\\xampp\\htdocs...')
#10 {main}
CRITICAL - 2022-08-08 03:06:40 --> Trying to access array offset on value of type null
#0 C:\xampp\htdocs\my-kerjo\app\Views\pegawai\detail_list_tugas_view.php(9): CodeIgniter\Debug\Exceptions->errorHandler(8, 'Trying to acces...', 'C:\\xampp\\htdocs...', 9, Array)
#1 C:\xampp\htdocs\my-kerjo\vendor\codeigniter4\framework\system\View\View.php(210): include('C:\\xampp\\htdocs...')
#2 C:\xampp\htdocs\my-kerjo\vendor\codeigniter4\framework\system\View\View.php(213): CodeIgniter\View\View->CodeIgniter\View\{closure}()
#3 C:\xampp\htdocs\my-kerjo\vendor\codeigniter4\framework\system\Common.php(1089): CodeIgniter\View\View->render('pegawai/detail_...', Array, true)
#4 C:\xampp\htdocs\my-kerjo\app\Controllers\Pegawai\Dashboard.php(71): view('pegawai/detail_...', Array)
#5 C:\xampp\htdocs\my-kerjo\vendor\codeigniter4\framework\system\CodeIgniter.php(825): App\Controllers\Pegawai\Dashboard->detail_list_tugas('assets', 'img', 'mlane.jpg')
#6 C:\xampp\htdocs\my-kerjo\vendor\codeigniter4\framework\system\CodeIgniter.php(412): CodeIgniter\CodeIgniter->runController(Object(App\Controllers\Pegawai\Dashboard))
#7 C:\xampp\htdocs\my-kerjo\vendor\codeigniter4\framework\system\CodeIgniter.php(320): CodeIgniter\CodeIgniter->handleRequest(NULL, Object(Config\Cache), false)
#8 C:\xampp\htdocs\my-kerjo\public\index.php(37): CodeIgniter\CodeIgniter->run()
#9 C:\xampp\htdocs\my-kerjo\vendor\codeigniter4\framework\system\Commands\Server\rewrite.php(43): require_once('C:\\xampp\\htdocs...')
#10 {main}
CRITICAL - 2022-08-08 03:06:41 --> Trying to access array offset on value of type null
#0 C:\xampp\htdocs\my-kerjo\app\Views\pegawai\detail_list_tugas_view.php(9): CodeIgniter\Debug\Exceptions->errorHandler(8, 'Trying to acces...', 'C:\\xampp\\htdocs...', 9, Array)
#1 C:\xampp\htdocs\my-kerjo\vendor\codeigniter4\framework\system\View\View.php(210): include('C:\\xampp\\htdocs...')
#2 C:\xampp\htdocs\my-kerjo\vendor\codeigniter4\framework\system\View\View.php(213): CodeIgniter\View\View->CodeIgniter\View\{closure}()
#3 C:\xampp\htdocs\my-kerjo\vendor\codeigniter4\framework\system\Common.php(1089): CodeIgniter\View\View->render('pegawai/detail_...', Array, true)
#4 C:\xampp\htdocs\my-kerjo\app\Controllers\Pegawai\Dashboard.php(71): view('pegawai/detail_...', Array)
#5 C:\xampp\htdocs\my-kerjo\vendor\codeigniter4\framework\system\CodeIgniter.php(825): App\Controllers\Pegawai\Dashboard->detail_list_tugas('assets', 'img', 'talha.jpg')
#6 C:\xampp\htdocs\my-kerjo\vendor\codeigniter4\framework\system\CodeIgniter.php(412): CodeIgniter\CodeIgniter->runController(Object(App\Controllers\Pegawai\Dashboard))
#7 C:\xampp\htdocs\my-kerjo\vendor\codeigniter4\framework\system\CodeIgniter.php(320): CodeIgniter\CodeIgniter->handleRequest(NULL, Object(Config\Cache), false)
#8 C:\xampp\htdocs\my-kerjo\public\index.php(37): CodeIgniter\CodeIgniter->run()
#9 C:\xampp\htdocs\my-kerjo\vendor\codeigniter4\framework\system\Commands\Server\rewrite.php(43): require_once('C:\\xampp\\htdocs...')
#10 {main}
CRITICAL - 2022-08-08 03:25:42 --> Trying to access array offset on value of type null
#0 C:\xampp\htdocs\my-kerjo\app\Views\pegawai\detail_list_tugas_view.php(9): CodeIgniter\Debug\Exceptions->errorHandler(8, 'Trying to acces...', 'C:\\xampp\\htdocs...', 9, Array)
#1 C:\xampp\htdocs\my-kerjo\vendor\codeigniter4\framework\system\View\View.php(210): include('C:\\xampp\\htdocs...')
#2 C:\xampp\htdocs\my-kerjo\vendor\codeigniter4\framework\system\View\View.php(213): CodeIgniter\View\View->CodeIgniter\View\{closure}()
#3 C:\xampp\htdocs\my-kerjo\vendor\codeigniter4\framework\system\Common.php(1089): CodeIgniter\View\View->render('pegawai/detail_...', Array, true)
#4 C:\xampp\htdocs\my-kerjo\app\Controllers\Pegawai\Dashboard.php(71): view('pegawai/detail_...', Array)
#5 C:\xampp\htdocs\my-kerjo\vendor\codeigniter4\framework\system\CodeIgniter.php(825): App\Controllers\Pegawai\Dashboard->detail_list_tugas('assets', 'img', 'jm_denis.jpg')
#6 C:\xampp\htdocs\my-kerjo\vendor\codeigniter4\framework\system\CodeIgniter.php(412): CodeIgniter\CodeIgniter->runController(Object(App\Controllers\Pegawai\Dashboard))
#7 C:\xampp\htdocs\my-kerjo\vendor\codeigniter4\framework\system\CodeIgniter.php(320): CodeIgniter\CodeIgniter->handleRequest(NULL, Object(Config\Cache), false)
#8 C:\xampp\htdocs\my-kerjo\public\index.php(37): CodeIgniter\CodeIgniter->run()
#9 C:\xampp\htdocs\my-kerjo\vendor\codeigniter4\framework\system\Commands\Server\rewrite.php(43): require_once('C:\\xampp\\htdocs...')
#10 {main}
CRITICAL - 2022-08-08 03:25:42 --> Trying to access array offset on value of type null
#0 C:\xampp\htdocs\my-kerjo\app\Views\pegawai\detail_list_tugas_view.php(9): CodeIgniter\Debug\Exceptions->errorHandler(8, 'Trying to acces...', 'C:\\xampp\\htdocs...', 9, Array)
#1 C:\xampp\htdocs\my-kerjo\vendor\codeigniter4\framework\system\View\View.php(210): include('C:\\xampp\\htdocs...')
#2 C:\xampp\htdocs\my-kerjo\vendor\codeigniter4\framework\system\View\View.php(213): CodeIgniter\View\View->CodeIgniter\View\{closure}()
#3 C:\xampp\htdocs\my-kerjo\vendor\codeigniter4\framework\system\Common.php(1089): CodeIgniter\View\View->render('pegawai/detail_...', Array, true)
#4 C:\xampp\htdocs\my-kerjo\app\Controllers\Pegawai\Dashboard.php(71): view('pegawai/detail_...', Array)
#5 C:\xampp\htdocs\my-kerjo\vendor\codeigniter4\framework\system\CodeIgniter.php(825): App\Controllers\Pegawai\Dashboard->detail_list_tugas('assets', 'img', 'chadengle.jpg')
#6 C:\xampp\htdocs\my-kerjo\vendor\codeigniter4\framework\system\CodeIgniter.php(412): CodeIgniter\CodeIgniter->runController(Object(App\Controllers\Pegawai\Dashboard))
#7 C:\xampp\htdocs\my-kerjo\vendor\codeigniter4\framework\system\CodeIgniter.php(320): CodeIgniter\CodeIgniter->handleRequest(NULL, Object(Config\Cache), false)
#8 C:\xampp\htdocs\my-kerjo\public\index.php(37): CodeIgniter\CodeIgniter->run()
#9 C:\xampp\htdocs\my-kerjo\vendor\codeigniter4\framework\system\Commands\Server\rewrite.php(43): require_once('C:\\xampp\\htdocs...')
#10 {main}
CRITICAL - 2022-08-08 03:25:43 --> Trying to access array offset on value of type null
#0 C:\xampp\htdocs\my-kerjo\app\Views\pegawai\detail_list_tugas_view.php(9): CodeIgniter\Debug\Exceptions->errorHandler(8, 'Trying to acces...', 'C:\\xampp\\htdocs...', 9, Array)
#1 C:\xampp\htdocs\my-kerjo\vendor\codeigniter4\framework\system\View\View.php(210): include('C:\\xampp\\htdocs...')
#2 C:\xampp\htdocs\my-kerjo\vendor\codeigniter4\framework\system\View\View.php(213): CodeIgniter\View\View->CodeIgniter\View\{closure}()
#3 C:\xampp\htdocs\my-kerjo\vendor\codeigniter4\framework\system\Common.php(1089): CodeIgniter\View\View->render('pegawai/detail_...', Array, true)
#4 C:\xampp\htdocs\my-kerjo\app\Controllers\Pegawai\Dashboard.php(71): view('pegawai/detail_...', Array)
#5 C:\xampp\htdocs\my-kerjo\vendor\codeigniter4\framework\system\CodeIgniter.php(825): App\Controllers\Pegawai\Dashboard->detail_list_tugas('assets', 'img', 'mlane.jpg')
#6 C:\xampp\htdocs\my-kerjo\vendor\codeigniter4\framework\system\CodeIgniter.php(412): CodeIgniter\CodeIgniter->runController(Object(App\Controllers\Pegawai\Dashboard))
#7 C:\xampp\htdocs\my-kerjo\vendor\codeigniter4\framework\system\CodeIgniter.php(320): CodeIgniter\CodeIgniter->handleRequest(NULL, Object(Config\Cache), false)
#8 C:\xampp\htdocs\my-kerjo\public\index.php(37): CodeIgniter\CodeIgniter->run()
#9 C:\xampp\htdocs\my-kerjo\vendor\codeigniter4\framework\system\Commands\Server\rewrite.php(43): require_once('C:\\xampp\\htdocs...')
#10 {main}
CRITICAL - 2022-08-08 03:25:43 --> Trying to access array offset on value of type null
#0 C:\xampp\htdocs\my-kerjo\app\Views\pegawai\detail_list_tugas_view.php(9): CodeIgniter\Debug\Exceptions->errorHandler(8, 'Trying to acces...', 'C:\\xampp\\htdocs...', 9, Array)
#1 C:\xampp\htdocs\my-kerjo\vendor\codeigniter4\framework\system\View\View.php(210): include('C:\\xampp\\htdocs...')
#2 C:\xampp\htdocs\my-kerjo\vendor\codeigniter4\framework\system\View\View.php(213): CodeIgniter\View\View->CodeIgniter\View\{closure}()
#3 C:\xampp\htdocs\my-kerjo\vendor\codeigniter4\framework\system\Common.php(1089): CodeIgniter\View\View->render('pegawai/detail_...', Array, true)
#4 C:\xampp\htdocs\my-kerjo\app\Controllers\Pegawai\Dashboard.php(71): view('pegawai/detail_...', Array)
#5 C:\xampp\htdocs\my-kerjo\vendor\codeigniter4\framework\system\CodeIgniter.php(825): App\Controllers\Pegawai\Dashboard->detail_list_tugas('assets', 'img', 'talha.jpg')
#6 C:\xampp\htdocs\my-kerjo\vendor\codeigniter4\framework\system\CodeIgniter.php(412): CodeIgniter\CodeIgniter->runController(Object(App\Controllers\Pegawai\Dashboard))
#7 C:\xampp\htdocs\my-kerjo\vendor\codeigniter4\framework\system\CodeIgniter.php(320): CodeIgniter\CodeIgniter->handleRequest(NULL, Object(Config\Cache), false)
#8 C:\xampp\htdocs\my-kerjo\public\index.php(37): CodeIgniter\CodeIgniter->run()
#9 C:\xampp\htdocs\my-kerjo\vendor\codeigniter4\framework\system\Commands\Server\rewrite.php(43): require_once('C:\\xampp\\htdocs...')
#10 {main}
